<?xml version="1.0" encoding="UTF-8"?>
<!-- Generated by org.testng.reporters.JUnitReportReporter -->
<testsuite hostname="PC201412181125" name="testcase.JxhdYn" tests="3" failures="0" timestamp="20 Jun 2018 01:37:04 GMT" time="32.356" errors="0">
  <testcase name="logOut" time="2.918" classname="testcase.JxhdYn"/>
  <testcase name="AddHuo" time="25.059" classname="testcase.JxhdYn"/>
  <testcase name="login" time="4.379" classname="testcase.JxhdYn"/>
</testsuite> <!-- testcase.JxhdYn -->
