<?xml version="1.0" encoding="UTF-8"?>
<!-- Generated by org.testng.reporters.JUnitReportReporter -->
<testsuite hostname="PC201412181125" name="uuuu.jiaoXueTestng" tests="3" failures="0" timestamp="14 Jun 2018 03:45:14 GMT" time="35.738" errors="0">
  <testcase name="logOut" time="3.227" classname="uuuu.jiaoXueTestng"/>
  <testcase name="AddHuo" time="26.014" classname="uuuu.jiaoXueTestng"/>
  <testcase name="login" time="6.497" classname="uuuu.jiaoXueTestng"/>
</testsuite> <!-- uuuu.jiaoXueTestng -->
