<?xml version="1.0" encoding="UTF-8"?>
<!-- Generated by org.testng.reporters.JUnitReportReporter -->
<testsuite hostname="PC201412181125" name="testcase.JxhdYw" tests="3" failures="0" timestamp="14 Jun 2018 03:45:14 GMT" time="36.242" errors="0">
  <testcase name="logOut" time="1.835" classname="testcase.JxhdYw"/>
  <testcase name="AddHuo" time="28.812" classname="testcase.JxhdYw"/>
  <testcase name="login" time="5.595" classname="testcase.JxhdYw"/>
</testsuite> <!-- testcase.JxhdYw -->
