<?xml version="1.0" encoding="UTF-8"?>
<!-- Generated by org.testng.reporters.JUnitReportReporter -->
<testsuite hostname="PC201412181125" name="testcase.JxhdYn" tests="3" failures="0" timestamp="14 Jun 2018 17:09:31 GMT" time="34.488" errors="0">
  <testcase name="AddHuo" time="26.539" classname="testcase.JxhdYn"/>
  <testcase name="logOut" time="3.214" classname="testcase.JxhdYn"/>
  <testcase name="login" time="4.735" classname="testcase.JxhdYn"/>
</testsuite> <!-- testcase.JxhdYn -->
