<?xml version="1.0" encoding="UTF-8"?>
<!-- Generated by org.testng.reporters.JUnitReportReporter -->
<testsuite hostname="PC201412181125" name="pages.TeachingActivities" tests="1" failures="0" timestamp="25 May 2018 15:09:54 GMT" time="26.711" errors="0">
  <testcase name="AddHuo" time="26.711" classname="pages.TeachingActivities"/>
</testsuite> <!-- pages.TeachingActivities -->
