<?xml version="1.0" encoding="UTF-8"?>
<!-- Generated by org.testng.reporters.JUnitReportReporter -->
<testsuite hostname="PC201412181125" name="testcase.JxhdYw" tests="3" failures="0" timestamp="14 Jun 2018 18:13:55 GMT" time="36.955" errors="0">
  <testcase name="logOut" time="2.104" classname="testcase.JxhdYw"/>
  <testcase name="login" time="5.395" classname="testcase.JxhdYw"/>
  <testcase name="AddHuo" time="29.456" classname="testcase.JxhdYw"/>
</testsuite> <!-- testcase.JxhdYw -->
