<?xml version="1.0" encoding="UTF-8"?>
<!-- Generated by org.testng.reporters.JUnitReportReporter -->
<testsuite hostname="PC201412181125" name="uuuu.jiaoXueTestng" tests="3" failures="0" timestamp="20 Jun 2018 01:37:04 GMT" time="35.978" errors="0">
  <testcase name="login" time="8.256" classname="uuuu.jiaoXueTestng"/>
  <testcase name="logOut" time="2.246" classname="uuuu.jiaoXueTestng"/>
  <testcase name="AddHuo" time="25.476" classname="uuuu.jiaoXueTestng"/>
</testsuite> <!-- uuuu.jiaoXueTestng -->
