<?xml version="1.0" encoding="UTF-8"?>
<!-- Generated by org.testng.reporters.JUnitReportReporter -->
<testsuite hostname="PC201412181125" name="testcase.JxhdYn" tests="3" failures="0" timestamp="14 Jun 2018 03:45:14 GMT" time="34.564" errors="0">
  <testcase name="logOut" time="3.117" classname="testcase.JxhdYn"/>
  <testcase name="AddHuo" time="26.141" classname="testcase.JxhdYn"/>
  <testcase name="login" time="5.306" classname="testcase.JxhdYn"/>
</testsuite> <!-- testcase.JxhdYn -->
