<?xml version="1.0" encoding="UTF-8"?>
<!-- Generated by org.testng.reporters.JUnitReportReporter -->
<testsuite hostname="PC201412181125" name="uuuu.TestDemo" tests="4" failures="0" timestamp="24 May 2018 08:35:21 GMT" time="0.014" errors="0">
  <testcase name="f0" time="0.009" classname="uuuu.TestDemo"/>
  <testcase name="f2" time="0.001" classname="uuuu.TestDemo"/>
  <testcase name="f3" time="0.002" classname="uuuu.TestDemo"/>
  <testcase name="f1" time="0.002" classname="uuuu.TestDemo"/>
</testsuite> <!-- uuuu.TestDemo -->
