<?xml version="1.0" encoding="UTF-8"?>
<!-- Generated by org.testng.reporters.JUnitReportReporter -->
<testsuite hostname="PC201412181125" name="testcase.JxhdYw" tests="3" failures="0" timestamp="20 Jun 2018 01:37:04 GMT" time="34.156" errors="0">
  <testcase name="logOut" time="1.786" classname="testcase.JxhdYw"/>
  <testcase name="login" time="4.496" classname="testcase.JxhdYw"/>
  <testcase name="AddHuo" time="27.874" classname="testcase.JxhdYw"/>
</testsuite> <!-- testcase.JxhdYw -->
